{
  "RSpec": {
    "coverage": {
      "/Users/bgann21/Turing/1module/projects/night_writer/spec/english_reader_spec.rb": {
        "lines": [
          1,
          1,
          null,
          1,
          1,
          9,
          9,
          9,
          9,
          9,
          9,
          9,
          null,
          null,
          1,
          1,
          1,
          null,
          null,
          null,
          1,
          1,
          1,
          null,
          null,
          null,
          1,
          1,
          1,
          1,
          null,
          null,
          1,
          1,
          1,
          1,
          null,
          1,
          null,
          null,
          1,
          1,
          1,
          1,
          1,
          null,
          1,
          null,
          null,
          null,
          1,
          1,
          1,
          null,
          null,
          1,
          null,
          1,
          null,
          null,
          null,
          1,
          null,
          null,
          null,
          1,
          1,
          null,
          1,
          null,
          null,
          null,
          null,
          null,
          null,
          null,
          null,
          1,
          null,
          1,
          null,
          null,
          null,
          1,
          null,
          1,
          null,
          null,
          null,
          null,
          null,
          null,
          null,
          null,
          1,
          null,
          1,
          null,
          null,
          null,
          null
        ]
      },
      "/Users/bgann21/Turing/1module/projects/night_writer/lib/english_reader.rb": {
        "lines": [
          1,
          null,
          1,
          1,
          1,
          null,
          1,
          10,
          10,
          10,
          10,
          null,
          null,
          1,
          12,
          null,
          null,
          1,
          11,
          null,
          null,
          1,
          26,
          null,
          null,
          1,
          12,
          12,
          12,
          null,
          null,
          1,
          26,
          null,
          null,
          null
        ]
      },
      "/Users/bgann21/Turing/1module/projects/night_writer/lib/translator.rb": {
        "lines": [
          1,
          1,
          null,
          30,
          null,
          null,
          null,
          null,
          null,
          null,
          null,
          null,
          null,
          null,
          null,
          null,
          null,
          null,
          null,
          null,
          1,
          32,
          null,
          null
        ]
      }
    },
    "timestamp": 1646437398
  }
}
