{
  "RSpec": {
    "coverage": {
      "/Users/bgann21/Turing/1module/projects/night_writer/spec/english_reader_spec.rb": {
        "lines": [
          1,
          1,
          null,
          1,
          1,
          10,
          10,
          10,
          10,
          null,
          10,
          null,
          null,
          1,
          1,
          1,
          null,
          null,
          null,
          1,
          1,
          1,
          null,
          null,
          null,
          1,
          1,
          1,
          1,
          null,
          null,
          null,
          1,
          1,
          1,
          null,
          null,
          1,
          null,
          1,
          null,
          null,
          null,
          1,
          null,
          null,
          null,
          1,
          1,
          null,
          1,
          null,
          null,
          null,
          null,
          null,
          null,
          null,
          null,
          1,
          null,
          1,
          null,
          null,
          null,
          1,
          null,
          1,
          null,
          null,
          null,
          null,
          null,
          null,
          null,
          null,
          1,
          null,
          1,
          null,
          null,
          null,
          1,
          1,
          3,
          3,
          3,
          3,
          3,
          3,
          null,
          null,
          1,
          1,
          1,
          1,
          null,
          1,
          null,
          null,
          1,
          1,
          1,
          1,
          null,
          1,
          null,
          null,
          1,
          1,
          1,
          1,
          null,
          null,
          1,
          null,
          null,
          null,
          null,
          null,
          null,
          null,
          null,
          1,
          1,
          null,
          1,
          null,
          null,
          null,
          null
        ]
      },
      "/Users/bgann21/Turing/1module/projects/night_writer/lib/english_reader.rb": {
        "lines": [
          1,
          null,
          1,
          1,
          1,
          null,
          1,
          17,
          17,
          17,
          null,
          null,
          1,
          2,
          null,
          null,
          1,
          1,
          null,
          null,
          1,
          778,
          null,
          null,
          1,
          20,
          20,
          20,
          22,
          22,
          null,
          null,
          null,
          null,
          1,
          1554,
          null,
          null,
          1,
          12204,
          null,
          null,
          1,
          null,
          4068,
          3810,
          3810,
          null,
          null,
          null,
          1,
          null,
          86,
          null,
          null,
          null,
          186,
          186,
          186,
          344,
          86,
          null,
          null
        ]
      },
      "/Users/bgann21/Turing/1module/projects/night_writer/lib/translator.rb": {
        "lines": [
          1,
          1,
          null,
          11460,
          null,
          null,
          null,
          null,
          null,
          null,
          null,
          null,
          null,
          null,
          null,
          null,
          null,
          null,
          null,
          null,
          null,
          1,
          22892,
          null,
          null
        ]
      }
    },
    "timestamp": 1646673752
  }
}
